Started GET "/" for 127.0.0.1 at 2017-09-25 08:43:35 -0500
Processing by Rails::WelcomeController#index as HTML
  Parameters: {"internal"=>true}
  Rendering /Users/aa321936/.rvm/gems/ruby-2.3.0/gems/railties-5.0.6/lib/rails/templates/rails/welcome/index.html.erb
  Rendered /Users/aa321936/.rvm/gems/ruby-2.3.0/gems/railties-5.0.6/lib/rails/templates/rails/welcome/index.html.erb (3.9ms)
Completed 200 OK in 30ms (Views: 19.0ms | ActiveRecord: 0.0ms)


  [1m[35m (1.0ms)[0m  [1m[35mCREATE TABLE "schema_migrations" ("version" varchar NOT NULL PRIMARY KEY)[0m
  [1m[35m (0.7ms)[0m  [1m[35mCREATE TABLE "ar_internal_metadata" ("key" varchar NOT NULL PRIMARY KEY, "value" varchar, "created_at" datetime NOT NULL, "updated_at" datetime NOT NULL)[0m
  [1m[36mActiveRecord::SchemaMigration Load (0.1ms)[0m  [1m[34mSELECT "schema_migrations".* FROM "schema_migrations"[0m
Migrating to CreateUsers (20170925135232)
  [1m[35m (0.1ms)[0m  [1m[36mbegin transaction[0m
  [1m[35m (0.4ms)[0m  [1m[35mCREATE TABLE "users" ("id" INTEGER PRIMARY KEY AUTOINCREMENT NOT NULL, "email" varchar, "name" varchar, "middle" varchar, "created_at" datetime NOT NULL, "updated_at" datetime NOT NULL)[0m
  [1m[35mSQL (0.1ms)[0m  [1m[32mINSERT INTO "schema_migrations" ("version") VALUES (?)[0m  [["version", "20170925135232"]]
  [1m[35m (0.7ms)[0m  [1m[36mcommit transaction[0m
Migrating to CreateProducts (20170925135237)
  [1m[35m (0.0ms)[0m  [1m[36mbegin transaction[0m
  [1m[35m (0.2ms)[0m  [1m[35mCREATE TABLE "products" ("id" INTEGER PRIMARY KEY AUTOINCREMENT NOT NULL, "name" varchar, "description" varchar, "price" varchar, "price_correa" varchar, "qty" integer, "created_at" datetime NOT NULL, "updated_at" datetime NOT NULL)[0m
  [1m[35mSQL (0.1ms)[0m  [1m[32mINSERT INTO "schema_migrations" ("version") VALUES (?)[0m  [["version", "20170925135237"]]
  [1m[35m (0.5ms)[0m  [1m[36mcommit transaction[0m
  [1m[36mActiveRecord::InternalMetadata Load (0.1ms)[0m  [1m[34mSELECT  "ar_internal_metadata".* FROM "ar_internal_metadata" WHERE "ar_internal_metadata"."key" = ? LIMIT ?[0m  [["key", "environment"], ["LIMIT", 1]]
  [1m[35m (0.0ms)[0m  [1m[36mbegin transaction[0m
  [1m[35mSQL (0.2ms)[0m  [1m[32mINSERT INTO "ar_internal_metadata" ("key", "value", "created_at", "updated_at") VALUES (?, ?, ?, ?)[0m  [["key", "environment"], ["value", "development"], ["created_at", "2017-09-25 13:52:51.151316"], ["updated_at", "2017-09-25 13:52:51.151316"]]
  [1m[35m (0.5ms)[0m  [1m[36mcommit transaction[0m
  [1m[36mActiveRecord::SchemaMigration Load (0.1ms)[0m  [1m[34mSELECT "schema_migrations".* FROM "schema_migrations"[0m
  [1m[36mActiveRecord::SchemaMigration Load (0.1ms)[0m  [1m[34mSELECT "schema_migrations".* FROM "schema_migrations"[0m
Migrating to CreateAuctions (20170925135254)
  [1m[35m (0.0ms)[0m  [1m[36mbegin transaction[0m
  [1m[35m (0.5ms)[0m  [1m[35mCREATE TABLE "auctions" ("id" INTEGER PRIMARY KEY AUTOINCREMENT NOT NULL, "user_id" integer, "product_id" integer, "amount" integer, "created_at" datetime NOT NULL, "updated_at" datetime NOT NULL)[0m
  [1m[35m (1.2ms)[0m  [1m[34mselect sqlite_version(*)[0m
  [1m[35m (0.2ms)[0m  [1m[35mCREATE  INDEX "index_auctions_on_user_id" ON "auctions" ("user_id")[0m
  [1m[35m (0.1ms)[0m  [1m[34m            SELECT sql
            FROM sqlite_master
            WHERE name='index_auctions_on_user_id' AND type='index'
            UNION ALL
            SELECT sql
            FROM sqlite_temp_master
            WHERE name='index_auctions_on_user_id' AND type='index'
[0m
  [1m[35m (0.1ms)[0m  [1m[35mCREATE  INDEX "index_auctions_on_product_id" ON "auctions" ("product_id")[0m
  [1m[35mSQL (0.2ms)[0m  [1m[32mINSERT INTO "schema_migrations" ("version") VALUES (?)[0m  [["version", "20170925135254"]]
  [1m[35m (0.8ms)[0m  [1m[36mcommit transaction[0m
  [1m[36mActiveRecord::InternalMetadata Load (0.1ms)[0m  [1m[34mSELECT  "ar_internal_metadata".* FROM "ar_internal_metadata" WHERE "ar_internal_metadata"."key" = ? LIMIT ?[0m  [["key", "environment"], ["LIMIT", 1]]
  [1m[35m (0.1ms)[0m  [1m[36mbegin transaction[0m
  [1m[35m (0.0ms)[0m  [1m[36mcommit transaction[0m
  [1m[36mActiveRecord::SchemaMigration Load (0.1ms)[0m  [1m[34mSELECT "schema_migrations".* FROM "schema_migrations"[0m
  [1m[35m (0.1ms)[0m  [1m[34m            SELECT sql
            FROM sqlite_master
            WHERE name='index_auctions_on_product_id' AND type='index'
            UNION ALL
            SELECT sql
            FROM sqlite_temp_master
            WHERE name='index_auctions_on_product_id' AND type='index'
[0m
  [1m[35m (0.1ms)[0m  [1m[34m            SELECT sql
            FROM sqlite_master
            WHERE name='index_auctions_on_user_id' AND type='index'
            UNION ALL
            SELECT sql
            FROM sqlite_temp_master
            WHERE name='index_auctions_on_user_id' AND type='index'
[0m
  [1m[35m (36.7ms)[0m  [1m[35mCREATE TABLE `schema_migrations` (`version` varchar(255) PRIMARY KEY) ENGINE=InnoDB[0m
  [1m[35m (29.7ms)[0m  [1m[35mCREATE TABLE `ar_internal_metadata` (`key` varchar(255) PRIMARY KEY, `value` varchar(255), `created_at` datetime NOT NULL, `updated_at` datetime NOT NULL) ENGINE=InnoDB[0m
  [1m[35m (0.4ms)[0m  [1m[34mSELECT DATABASE() as db[0m
  [1m[35m (0.6ms)[0m  [1m[34mSELECT GET_LOCK('115508168020273350', 0);[0m
  [1m[36mActiveRecord::SchemaMigration Load (0.4ms)[0m  [1m[34mSELECT `schema_migrations`.* FROM `schema_migrations`[0m
Migrating to CreateUsers (20170925135232)
  [1m[35m (39.9ms)[0m  [1m[35mCREATE TABLE `users` (`id` int AUTO_INCREMENT PRIMARY KEY, `email` varchar(255), `name` varchar(255), `middle` varchar(255), `created_at` datetime NOT NULL, `updated_at` datetime NOT NULL) ENGINE=InnoDB[0m
  [1m[35m (0.3ms)[0m  [1m[35mBEGIN[0m
  [1m[35mSQL (1.8ms)[0m  [1m[32mINSERT INTO `schema_migrations` (`version`) VALUES ('20170925135232')[0m
  [1m[35m (0.6ms)[0m  [1m[35mCOMMIT[0m
Migrating to CreateProducts (20170925135237)
  [1m[35m (31.3ms)[0m  [1m[35mCREATE TABLE `products` (`id` int AUTO_INCREMENT PRIMARY KEY, `name` varchar(255), `description` varchar(255), `price` varchar(255), `price_correa` varchar(255), `qty` int, `created_at` datetime NOT NULL, `updated_at` datetime NOT NULL) ENGINE=InnoDB[0m
  [1m[35m (0.2ms)[0m  [1m[35mBEGIN[0m
  [1m[35mSQL (0.3ms)[0m  [1m[32mINSERT INTO `schema_migrations` (`version`) VALUES ('20170925135237')[0m
  [1m[35m (0.4ms)[0m  [1m[35mCOMMIT[0m
Migrating to CreateAuctions (20170925135254)
  [1m[35m (39.8ms)[0m  [1m[35mCREATE TABLE `auctions` (`id` int AUTO_INCREMENT PRIMARY KEY, `user_id` int, `product_id` int, `amount` int, `created_at` datetime NOT NULL, `updated_at` datetime NOT NULL,  INDEX `index_auctions_on_user_id`  (`user_id`),  INDEX `index_auctions_on_product_id`  (`product_id`), CONSTRAINT `fk_rails_a21a834151`
FOREIGN KEY (`user_id`)
  REFERENCES `users` (`id`)
, CONSTRAINT `fk_rails_67147375d2`
FOREIGN KEY (`product_id`)
  REFERENCES `products` (`id`)
) ENGINE=InnoDB[0m
  [1m[35m (0.2ms)[0m  [1m[35mBEGIN[0m
  [1m[35mSQL (0.3ms)[0m  [1m[32mINSERT INTO `schema_migrations` (`version`) VALUES ('20170925135254')[0m
  [1m[35m (0.3ms)[0m  [1m[35mCOMMIT[0m
  [1m[36mActiveRecord::InternalMetadata Load (0.7ms)[0m  [1m[34mSELECT  `ar_internal_metadata`.* FROM `ar_internal_metadata` WHERE `ar_internal_metadata`.`key` = 'environment' LIMIT 1[0m
  [1m[35m (0.2ms)[0m  [1m[35mBEGIN[0m
  [1m[35mSQL (0.2ms)[0m  [1m[32mINSERT INTO `ar_internal_metadata` (`key`, `value`, `created_at`, `updated_at`) VALUES ('environment', 'development', '2017-09-25 14:01:06', '2017-09-25 14:01:06')[0m
  [1m[35m (0.4ms)[0m  [1m[35mCOMMIT[0m
  [1m[35m (0.2ms)[0m  [1m[34mSELECT RELEASE_LOCK('115508168020273350')[0m
  [1m[36mActiveRecord::SchemaMigration Load (0.2ms)[0m  [1m[34mSELECT `schema_migrations`.* FROM `schema_migrations`[0m
  [1m[35m (0.3ms)[0m  [1m[35mSHOW CREATE TABLE `auctions`[0m
  [1m[35m (0.2ms)[0m  [1m[35mSHOW CREATE TABLE `products`[0m
  [1m[35m (0.4ms)[0m  [1m[35mSHOW TABLE STATUS LIKE 'products'[0m
  [1m[35m (0.2ms)[0m  [1m[35mSHOW CREATE TABLE `users`[0m
  [1m[35m (0.4ms)[0m  [1m[35mSHOW TABLE STATUS LIKE 'users'[0m
  [1m[35m (0.3ms)[0m  [1m[34mSELECT DATABASE() as db[0m
  [1m[35m (0.3ms)[0m  [1m[34mSELECT GET_LOCK('115508168020273350', 0);[0m
  [1m[36mActiveRecord::SchemaMigration Load (0.4ms)[0m  [1m[34mSELECT `schema_migrations`.* FROM `schema_migrations`[0m
Migrating to AddAttachmentImageToProducts (20170925140124)
DEPRECATION WARNING: Directly inheriting from ActiveRecord::Migration is deprecated. Please specify the Rails release the migration was written for:

  class AddAttachmentImageToProducts < ActiveRecord::Migration[4.2] (called from load at /Users/aa321936/.rvm/gems/ruby-2.3.0/bin/rake:22)
  [1m[35m (47.9ms)[0m  [1m[35mALTER TABLE `products` ADD `image_file_name` varchar(255)[0m
  [1m[35m (48.8ms)[0m  [1m[35mALTER TABLE `products` ADD `image_content_type` varchar(255)[0m
  [1m[35m (36.2ms)[0m  [1m[35mALTER TABLE `products` ADD `image_file_size` int[0m
  [1m[35m (39.6ms)[0m  [1m[35mALTER TABLE `products` ADD `image_updated_at` datetime[0m
  [1m[35m (0.2ms)[0m  [1m[35mBEGIN[0m
  [1m[35mSQL (0.3ms)[0m  [1m[32mINSERT INTO `schema_migrations` (`version`) VALUES ('20170925140124')[0m
  [1m[35m (0.2ms)[0m  [1m[35mCOMMIT[0m
  [1m[36mActiveRecord::InternalMetadata Load (0.6ms)[0m  [1m[34mSELECT  `ar_internal_metadata`.* FROM `ar_internal_metadata` WHERE `ar_internal_metadata`.`key` = 'environment' LIMIT 1[0m
  [1m[35m (0.2ms)[0m  [1m[35mBEGIN[0m
  [1m[35m (0.1ms)[0m  [1m[35mCOMMIT[0m
  [1m[35m (0.2ms)[0m  [1m[34mSELECT RELEASE_LOCK('115508168020273350')[0m
  [1m[36mActiveRecord::SchemaMigration Load (0.2ms)[0m  [1m[34mSELECT `schema_migrations`.* FROM `schema_migrations`[0m
  [1m[35m (0.2ms)[0m  [1m[35mSHOW CREATE TABLE `auctions`[0m
  [1m[35m (0.2ms)[0m  [1m[35mSHOW CREATE TABLE `products`[0m
  [1m[35m (0.3ms)[0m  [1m[35mSHOW TABLE STATUS LIKE 'products'[0m
  [1m[35m (0.2ms)[0m  [1m[35mSHOW CREATE TABLE `users`[0m
  [1m[35m (0.3ms)[0m  [1m[35mSHOW TABLE STATUS LIKE 'users'[0m
Started GET "/" for 127.0.0.1 at 2017-09-25 09:02:35 -0500
  [1m[36mActiveRecord::SchemaMigration Load (0.4ms)[0m  [1m[34mSELECT `schema_migrations`.* FROM `schema_migrations`[0m
Processing by Rails::WelcomeController#index as HTML
  Parameters: {"internal"=>true}
  Rendering /Users/aa321936/.rvm/gems/ruby-2.3.0/gems/railties-5.0.6/lib/rails/templates/rails/welcome/index.html.erb
  Rendered /Users/aa321936/.rvm/gems/ruby-2.3.0/gems/railties-5.0.6/lib/rails/templates/rails/welcome/index.html.erb (4.3ms)
Completed 200 OK in 24ms (Views: 10.5ms | ActiveRecord: 0.0ms)


Started GET "/products" for 127.0.0.1 at 2017-09-25 09:02:41 -0500
Processing by ProductsController#index as HTML
  Rendering products/index.html.erb within layouts/application
  [1m[36mProduct Load (0.3ms)[0m  [1m[34mSELECT `products`.* FROM `products`[0m
  Rendered products/index.html.erb within layouts/application (6.0ms)
Completed 200 OK in 560ms (Views: 551.9ms | ActiveRecord: 0.7ms)


Started GET "/products/new" for 127.0.0.1 at 2017-09-25 09:02:43 -0500
Processing by ProductsController#new as HTML
  Rendering products/new.html.erb within layouts/application
  Rendered products/_form.html.erb (20.9ms)
  Rendered products/new.html.erb within layouts/application (22.6ms)
Completed 200 OK in 60ms (Views: 46.6ms | ActiveRecord: 1.2ms)


Started GET "/products/new" for 127.0.0.1 at 2017-09-25 09:03:47 -0500
Processing by ProductsController#new as HTML
  Rendering products/new.html.erb within layouts/application
  Rendered products/_form.html.erb (4.7ms)
  Rendered products/new.html.erb within layouts/application (6.2ms)
Completed 200 OK in 55ms (Views: 53.1ms | ActiveRecord: 0.0ms)


Started POST "/products" for 127.0.0.1 at 2017-09-25 09:04:09 -0500
Processing by ProductsController#create as HTML
  Parameters: {"utf8"=>"✓", "authenticity_token"=>"lv1wliUwH0rWnB1onVk/0ReljhpeN/NdcGrhHrXA5ruegEvr1bDHdBpqqHjQolvHA7YpAuhSF4noZVzyVZ5QqA==", "product"=>{"name"=>"columbia", "description"=>"nasndasnd", "price"=>"100", "image"=>#<ActionDispatch::Http::UploadedFile:0x007fb7bb4004f0 @tempfile=#<Tempfile:/var/folders/34/_mg8nqzs1_551jym22g621q4cj_jx2/T/RackMultipart20170925-21927-p26j2h.jpeg>, @original_filename="WhatsApp Image 2017-09-12 at 7.41.18 PM.jpeg", @content_type="image/jpeg", @headers="Content-Disposition: form-data; name=\"product[image]\"; filename=\"WhatsApp Image 2017-09-12 at 7.41.18 PM.jpeg\"\r\nContent-Type: image/jpeg\r\n">, "price_correa"=>"123", "qty"=>"1"}, "commit"=>"Create Product"}
Unpermitted parameter: image
  [1m[35m (0.2ms)[0m  [1m[35mBEGIN[0m
  [1m[35mSQL (0.4ms)[0m  [1m[32mINSERT INTO `products` (`name`, `description`, `price`, `price_correa`, `qty`, `created_at`, `updated_at`) VALUES ('columbia', 'nasndasnd', '100', '123', 1, '2017-09-25 14:04:09', '2017-09-25 14:04:09')[0m
  [1m[35m (0.4ms)[0m  [1m[35mCOMMIT[0m
Redirected to http://0.0.0.0:3000/products/1
Completed 302 Found in 5ms (ActiveRecord: 1.0ms)


Started GET "/products/1" for 127.0.0.1 at 2017-09-25 09:04:09 -0500
Processing by ProductsController#show as HTML
  Parameters: {"id"=>"1"}
  [1m[36mProduct Load (0.3ms)[0m  [1m[34mSELECT  `products`.* FROM `products` WHERE `products`.`id` = 1 LIMIT 1[0m
  Rendering products/show.html.erb within layouts/application
  Rendered products/show.html.erb within layouts/application (0.8ms)
Completed 200 OK in 30ms (Views: 24.8ms | ActiveRecord: 0.3ms)


Started GET "/products" for 127.0.0.1 at 2017-09-25 09:04:47 -0500
Processing by ProductsController#index as HTML
  Rendering products/index.html.erb within layouts/application
  [1m[36mProduct Load (0.5ms)[0m  [1m[34mSELECT `products`.* FROM `products`[0m
  Rendered products/index.html.erb within layouts/application (17.3ms)
Completed 200 OK in 55ms (Views: 48.8ms | ActiveRecord: 1.8ms)


Started GET "/products" for 127.0.0.1 at 2017-09-25 09:04:47 -0500
Processing by ProductsController#index as HTML
  Rendering products/index.html.erb within layouts/application
  [1m[36mProduct Load (0.4ms)[0m  [1m[34mSELECT `products`.* FROM `products`[0m
  Rendered products/index.html.erb within layouts/application (2.6ms)
Completed 200 OK in 43ms (Views: 40.4ms | ActiveRecord: 0.4ms)


Started GET "/products/new" for 127.0.0.1 at 2017-09-25 09:04:48 -0500
Processing by ProductsController#new as HTML
  Rendering products/new.html.erb within layouts/application
  Rendered products/_form.html.erb (4.7ms)
  Rendered products/new.html.erb within layouts/application (6.7ms)
Completed 200 OK in 44ms (Views: 41.5ms | ActiveRecord: 0.0ms)


Started POST "/products" for 127.0.0.1 at 2017-09-25 09:04:56 -0500
Processing by ProductsController#create as HTML
  Parameters: {"utf8"=>"✓", "authenticity_token"=>"SqaistPomRacHqp0oA/Xcef9AwtpDRzQTmmiSc/KsG3fdxOxdO9bS6+a3gLognfMZ7BoZuEGcLX08W/P7PQoaA==", "product"=>{"name"=>"sdf", "description"=>"sdf", "price"=>"324", "image"=>#<ActionDispatch::Http::UploadedFile:0x007fb7bd953270 @tempfile=#<Tempfile:/var/folders/34/_mg8nqzs1_551jym22g621q4cj_jx2/T/RackMultipart20170925-21927-1ph1lq9.png>, @original_filename="screencapture-admin-bestbuy-mx-index-php-admin-system_config-edit-section-carriers-key-a49910f5b81bf004770614d54350e6bc7d2c29567ea2ba727af8e4664a55b57b-1505947181744.png", @content_type="image/png", @headers="Content-Disposition: form-data; name=\"product[image]\"; filename=\"screencapture-admin-bestbuy-mx-index-php-admin-system_config-edit-section-carriers-key-a49910f5b81bf004770614d54350e6bc7d2c29567ea2ba727af8e4664a55b57b-1505947181744.png\"\r\nContent-Type: image/png\r\n">, "price_correa"=>"234", "qty"=>"2"}, "commit"=>"Create Product"}
Completed 500 Internal Server Error in 2ms (ActiveRecord: 0.0ms)


  
ActiveModel::UnknownAttributeError (unknown attribute 'image' for Product.):
  
app/controllers/products_controller.rb:27:in `create'
  Rendering /Users/aa321936/.rvm/gems/ruby-2.3.0/gems/actionpack-5.0.6/lib/action_dispatch/middleware/templates/rescues/diagnostics.html.erb within rescues/layout
  Rendering /Users/aa321936/.rvm/gems/ruby-2.3.0/gems/actionpack-5.0.6/lib/action_dispatch/middleware/templates/rescues/_source.html.erb
  Rendered /Users/aa321936/.rvm/gems/ruby-2.3.0/gems/actionpack-5.0.6/lib/action_dispatch/middleware/templates/rescues/_source.html.erb (4.2ms)
  Rendering /Users/aa321936/.rvm/gems/ruby-2.3.0/gems/actionpack-5.0.6/lib/action_dispatch/middleware/templates/rescues/_trace.html.erb
  Rendered /Users/aa321936/.rvm/gems/ruby-2.3.0/gems/actionpack-5.0.6/lib/action_dispatch/middleware/templates/rescues/_trace.html.erb (1.4ms)
  Rendering /Users/aa321936/.rvm/gems/ruby-2.3.0/gems/actionpack-5.0.6/lib/action_dispatch/middleware/templates/rescues/_request_and_response.html.erb
  Rendered /Users/aa321936/.rvm/gems/ruby-2.3.0/gems/actionpack-5.0.6/lib/action_dispatch/middleware/templates/rescues/_request_and_response.html.erb (2.2ms)
  Rendered /Users/aa321936/.rvm/gems/ruby-2.3.0/gems/actionpack-5.0.6/lib/action_dispatch/middleware/templates/rescues/diagnostics.html.erb within rescues/layout (59.9ms)
Started GET "/products" for 127.0.0.1 at 2017-09-25 09:05:36 -0500
  [1m[36mActiveRecord::SchemaMigration Load (0.4ms)[0m  [1m[34mSELECT `schema_migrations`.* FROM `schema_migrations`[0m
Processing by ProductsController#index as HTML
  Rendering products/index.html.erb within layouts/application
  [1m[36mProduct Load (0.4ms)[0m  [1m[34mSELECT `products`.* FROM `products`[0m
  Rendered products/index.html.erb within layouts/application (17.2ms)
Completed 200 OK in 224ms (Views: 207.0ms | ActiveRecord: 1.7ms)


Started GET "/products/new" for 127.0.0.1 at 2017-09-25 09:05:39 -0500
Processing by ProductsController#new as HTML
  Rendering products/new.html.erb within layouts/application
  Rendered products/_form.html.erb (17.8ms)
  Rendered products/new.html.erb within layouts/application (19.7ms)
Completed 200 OK in 44ms (Views: 41.7ms | ActiveRecord: 0.0ms)


Started POST "/products" for 127.0.0.1 at 2017-09-25 09:05:47 -0500
Processing by ProductsController#create as HTML
  Parameters: {"utf8"=>"✓", "authenticity_token"=>"Ux7MBwadS21B7G0eaJ9KTO0gD1/649ArmxmgXe1/CDnGz30EoZqJMHJoGWggEurxbW1kMnLovE4hgW3bzkGQPA==", "product"=>{"name"=>"asd", "description"=>"asd", "price"=>"23", "image"=>#<ActionDispatch::Http::UploadedFile:0x007ff36a9bc750 @tempfile=#<Tempfile:/var/folders/34/_mg8nqzs1_551jym22g621q4cj_jx2/T/RackMultipart20170925-22137-cz5x8z.png>, @original_filename="screencapture-admin-bestbuy-mx-index-php-admin-system_config-edit-section-carriers-key-a49910f5b81bf004770614d54350e6bc7d2c29567ea2ba727af8e4664a55b57b-1505947181744.png", @content_type="image/png", @headers="Content-Disposition: form-data; name=\"product[image]\"; filename=\"screencapture-admin-bestbuy-mx-index-php-admin-system_config-edit-section-carriers-key-a49910f5b81bf004770614d54350e6bc7d2c29567ea2ba727af8e4664a55b57b-1505947181744.png\"\r\nContent-Type: image/png\r\n">, "price_correa"=>"23", "qty"=>"123"}, "commit"=>"Create Product"}
Completed 500 Internal Server Error in 3ms (ActiveRecord: 0.0ms)


  
ActiveModel::UnknownAttributeError (unknown attribute 'image' for Product.):
  
app/controllers/products_controller.rb:27:in `create'
  Rendering /Users/aa321936/.rvm/gems/ruby-2.3.0/gems/actionpack-5.0.6/lib/action_dispatch/middleware/templates/rescues/diagnostics.html.erb within rescues/layout
  Rendering /Users/aa321936/.rvm/gems/ruby-2.3.0/gems/actionpack-5.0.6/lib/action_dispatch/middleware/templates/rescues/_source.html.erb
  Rendered /Users/aa321936/.rvm/gems/ruby-2.3.0/gems/actionpack-5.0.6/lib/action_dispatch/middleware/templates/rescues/_source.html.erb (4.5ms)
  Rendering /Users/aa321936/.rvm/gems/ruby-2.3.0/gems/actionpack-5.0.6/lib/action_dispatch/middleware/templates/rescues/_trace.html.erb
  Rendered /Users/aa321936/.rvm/gems/ruby-2.3.0/gems/actionpack-5.0.6/lib/action_dispatch/middleware/templates/rescues/_trace.html.erb (2.3ms)
  Rendering /Users/aa321936/.rvm/gems/ruby-2.3.0/gems/actionpack-5.0.6/lib/action_dispatch/middleware/templates/rescues/_request_and_response.html.erb
  Rendered /Users/aa321936/.rvm/gems/ruby-2.3.0/gems/actionpack-5.0.6/lib/action_dispatch/middleware/templates/rescues/_request_and_response.html.erb (2.3ms)
  Rendered /Users/aa321936/.rvm/gems/ruby-2.3.0/gems/actionpack-5.0.6/lib/action_dispatch/middleware/templates/rescues/diagnostics.html.erb within rescues/layout (54.9ms)
Started POST "/products" for 127.0.0.1 at 2017-09-25 09:06:14 -0500
Processing by ProductsController#create as HTML
  Parameters: {"utf8"=>"✓", "authenticity_token"=>"Ux7MBwadS21B7G0eaJ9KTO0gD1/649ArmxmgXe1/CDnGz30EoZqJMHJoGWggEurxbW1kMnLovE4hgW3bzkGQPA==", "product"=>{"name"=>"asd", "description"=>"asd", "price"=>"23", "image"=>#<ActionDispatch::Http::UploadedFile:0x007ff36af5ce08 @tempfile=#<Tempfile:/var/folders/34/_mg8nqzs1_551jym22g621q4cj_jx2/T/RackMultipart20170925-22137-1wwhjvk.png>, @original_filename="screencapture-admin-bestbuy-mx-index-php-admin-system_config-edit-section-carriers-key-a49910f5b81bf004770614d54350e6bc7d2c29567ea2ba727af8e4664a55b57b-1505947181744.png", @content_type="image/png", @headers="Content-Disposition: form-data; name=\"product[image]\"; filename=\"screencapture-admin-bestbuy-mx-index-php-admin-system_config-edit-section-carriers-key-a49910f5b81bf004770614d54350e6bc7d2c29567ea2ba727af8e4664a55b57b-1505947181744.png\"\r\nContent-Type: image/png\r\n">, "price_correa"=>"23", "qty"=>"123"}, "commit"=>"Create Product"}
Completed 500 Internal Server Error in 1ms (ActiveRecord: 0.0ms)


  
ActiveModel::UnknownAttributeError (unknown attribute 'image' for Product.):
  
app/controllers/products_controller.rb:27:in `create'
  Rendering /Users/aa321936/.rvm/gems/ruby-2.3.0/gems/actionpack-5.0.6/lib/action_dispatch/middleware/templates/rescues/diagnostics.html.erb within rescues/layout
  Rendering /Users/aa321936/.rvm/gems/ruby-2.3.0/gems/actionpack-5.0.6/lib/action_dispatch/middleware/templates/rescues/_source.html.erb
  Rendered /Users/aa321936/.rvm/gems/ruby-2.3.0/gems/actionpack-5.0.6/lib/action_dispatch/middleware/templates/rescues/_source.html.erb (2.6ms)
  Rendering /Users/aa321936/.rvm/gems/ruby-2.3.0/gems/actionpack-5.0.6/lib/action_dispatch/middleware/templates/rescues/_trace.html.erb
  Rendered /Users/aa321936/.rvm/gems/ruby-2.3.0/gems/actionpack-5.0.6/lib/action_dispatch/middleware/templates/rescues/_trace.html.erb (1.4ms)
  Rendering /Users/aa321936/.rvm/gems/ruby-2.3.0/gems/actionpack-5.0.6/lib/action_dispatch/middleware/templates/rescues/_request_and_response.html.erb
  Rendered /Users/aa321936/.rvm/gems/ruby-2.3.0/gems/actionpack-5.0.6/lib/action_dispatch/middleware/templates/rescues/_request_and_response.html.erb (1.3ms)
  Rendered /Users/aa321936/.rvm/gems/ruby-2.3.0/gems/actionpack-5.0.6/lib/action_dispatch/middleware/templates/rescues/diagnostics.html.erb within rescues/layout (53.0ms)
Started GET "/products/new" for 127.0.0.1 at 2017-09-25 09:06:42 -0500
Processing by ProductsController#new as HTML
  Rendering products/new.html.erb within layouts/application
  Rendered products/_form.html.erb (2.3ms)
  Rendered products/new.html.erb within layouts/application (3.6ms)
Completed 200 OK in 22ms (Views: 20.3ms | ActiveRecord: 0.0ms)


Started POST "/products" for 127.0.0.1 at 2017-09-25 09:06:43 -0500
Processing by ProductsController#create as HTML
  Parameters: {"utf8"=>"✓", "authenticity_token"=>"aK88VzgFoTHNW6DgWzzpBhN1lAiaCqhtoBZL7TjQmPtg0gcqyIV5DwGtFfAWx40QB2YzECxvTLk4GfYB2I4u6A==", "product"=>{"name"=>"", "description"=>"", "price"=>"", "price_correa"=>"", "qty"=>""}, "commit"=>"Create Product"}
  [1m[35m (0.2ms)[0m  [1m[35mBEGIN[0m
  [1m[35mSQL (0.5ms)[0m  [1m[32mINSERT INTO `products` (`name`, `description`, `price`, `price_correa`, `created_at`, `updated_at`) VALUES ('', '', '', '', '2017-09-25 14:06:43', '2017-09-25 14:06:43')[0m
  [1m[35m (0.3ms)[0m  [1m[35mCOMMIT[0m
Redirected to http://0.0.0.0:3000/products/2
Completed 302 Found in 6ms (ActiveRecord: 1.0ms)


Started GET "/products/2" for 127.0.0.1 at 2017-09-25 09:06:43 -0500
Processing by ProductsController#show as HTML
  Parameters: {"id"=>"2"}
  [1m[36mProduct Load (0.4ms)[0m  [1m[34mSELECT  `products`.* FROM `products` WHERE `products`.`id` = 2 LIMIT 1[0m
  Rendering products/show.html.erb within layouts/application
  Rendered products/show.html.erb within layouts/application (0.6ms)
Completed 200 OK in 26ms (Views: 21.2ms | ActiveRecord: 0.4ms)


Started GET "/products" for 127.0.0.1 at 2017-09-25 09:06:45 -0500
Processing by ProductsController#index as HTML
  Rendering products/index.html.erb within layouts/application
  [1m[36mProduct Load (0.3ms)[0m  [1m[34mSELECT `products`.* FROM `products`[0m
  Rendered products/index.html.erb within layouts/application (2.2ms)
Completed 200 OK in 28ms (Views: 25.1ms | ActiveRecord: 0.3ms)


Started GET "/users" for 127.0.0.1 at 2017-09-25 09:07:03 -0500
Processing by UsersController#index as HTML
  Rendering users/index.html.erb within layouts/application
  [1m[36mUser Load (0.4ms)[0m  [1m[34mSELECT `users`.* FROM `users`[0m
  Rendered users/index.html.erb within layouts/application (2.9ms)
Completed 200 OK in 25ms (Views: 20.0ms | ActiveRecord: 0.8ms)


Started GET "/users/new" for 127.0.0.1 at 2017-09-25 09:07:04 -0500
Processing by UsersController#new as HTML
  Rendering users/new.html.erb within layouts/application
  Rendered users/_form.html.erb (2.9ms)
  Rendered users/new.html.erb within layouts/application (5.4ms)
Completed 200 OK in 32ms (Views: 26.0ms | ActiveRecord: 0.4ms)


Started POST "/users" for 127.0.0.1 at 2017-09-25 09:07:14 -0500
Processing by UsersController#create as HTML
  Parameters: {"utf8"=>"✓", "authenticity_token"=>"XpktL8EL0y1zu8tLpDDPpgSWuhbzokMWkynq4x3W+PJCVXpe5Va+c94w+TNJxmP19+AorVrDMdKMoxqId6b+NQ==", "user"=>{"email"=>"gerardoayalad@outlook.com", "name"=>"gerardoa", "middle"=>"Ayala"}, "commit"=>"Create User"}
  [1m[35m (0.2ms)[0m  [1m[35mBEGIN[0m
  [1m[35mSQL (0.3ms)[0m  [1m[32mINSERT INTO `users` (`email`, `name`, `middle`, `created_at`, `updated_at`) VALUES ('gerardoayalad@outlook.com', 'gerardoa', 'Ayala', '2017-09-25 14:07:14', '2017-09-25 14:07:14')[0m
  [1m[35m (0.3ms)[0m  [1m[35mCOMMIT[0m
Redirected to http://0.0.0.0:3000/users/1
Completed 302 Found in 4ms (ActiveRecord: 0.8ms)


Started GET "/users/1" for 127.0.0.1 at 2017-09-25 09:07:14 -0500
Processing by UsersController#show as HTML
  Parameters: {"id"=>"1"}
  [1m[36mUser Load (0.3ms)[0m  [1m[34mSELECT  `users`.* FROM `users` WHERE `users`.`id` = 1 LIMIT 1[0m
  Rendering users/show.html.erb within layouts/application
  Rendered users/show.html.erb within layouts/application (0.6ms)
Completed 200 OK in 23ms (Views: 20.2ms | ActiveRecord: 0.3ms)


Started GET "/auction" for 127.0.0.1 at 2017-09-25 09:07:18 -0500
  
ActionController::RoutingError (No route matches [GET] "/auction"):
  
actionpack (5.0.6) lib/action_dispatch/middleware/debug_exceptions.rb:53:in `call'
web-console (3.5.1) lib/web_console/middleware.rb:135:in `call_app'
web-console (3.5.1) lib/web_console/middleware.rb:28:in `block in call'
web-console (3.5.1) lib/web_console/middleware.rb:18:in `catch'
web-console (3.5.1) lib/web_console/middleware.rb:18:in `call'
actionpack (5.0.6) lib/action_dispatch/middleware/show_exceptions.rb:31:in `call'
railties (5.0.6) lib/rails/rack/logger.rb:36:in `call_app'
railties (5.0.6) lib/rails/rack/logger.rb:24:in `block in call'
activesupport (5.0.6) lib/active_support/tagged_logging.rb:69:in `block in tagged'
activesupport (5.0.6) lib/active_support/tagged_logging.rb:26:in `tagged'
activesupport (5.0.6) lib/active_support/tagged_logging.rb:69:in `tagged'
railties (5.0.6) lib/rails/rack/logger.rb:24:in `call'
sprockets-rails (3.2.1) lib/sprockets/rails/quiet_assets.rb:13:in `call'
actionpack (5.0.6) lib/action_dispatch/middleware/request_id.rb:24:in `call'
rack (2.0.3) lib/rack/method_override.rb:22:in `call'
rack (2.0.3) lib/rack/runtime.rb:22:in `call'
activesupport (5.0.6) lib/active_support/cache/strategy/local_cache_middleware.rb:28:in `call'
actionpack (5.0.6) lib/action_dispatch/middleware/executor.rb:12:in `call'
actionpack (5.0.6) lib/action_dispatch/middleware/static.rb:136:in `call'
rack (2.0.3) lib/rack/sendfile.rb:111:in `call'
railties (5.0.6) lib/rails/engine.rb:522:in `call'
puma (3.10.0) lib/puma/configuration.rb:225:in `call'
puma (3.10.0) lib/puma/server.rb:605:in `handle_request'
puma (3.10.0) lib/puma/server.rb:437:in `process_client'
puma (3.10.0) lib/puma/server.rb:301:in `block in run'
puma (3.10.0) lib/puma/thread_pool.rb:120:in `block in spawn_thread'
  Rendering /Users/aa321936/.rvm/gems/ruby-2.3.0/gems/actionpack-5.0.6/lib/action_dispatch/middleware/templates/rescues/routing_error.html.erb within rescues/layout
  Rendering /Users/aa321936/.rvm/gems/ruby-2.3.0/gems/actionpack-5.0.6/lib/action_dispatch/middleware/templates/rescues/_trace.html.erb
  Rendered /Users/aa321936/.rvm/gems/ruby-2.3.0/gems/actionpack-5.0.6/lib/action_dispatch/middleware/templates/rescues/_trace.html.erb (0.8ms)
  Rendered collection of /Users/aa321936/.rvm/gems/ruby-2.3.0/gems/actionpack-5.0.6/lib/action_dispatch/middleware/templates/routes/_route.html.erb [24 times] (6.8ms)
  Rendered /Users/aa321936/.rvm/gems/ruby-2.3.0/gems/actionpack-5.0.6/lib/action_dispatch/middleware/templates/routes/_table.html.erb (3.3ms)
  Rendering /Users/aa321936/.rvm/gems/ruby-2.3.0/gems/actionpack-5.0.6/lib/action_dispatch/middleware/templates/rescues/_request_and_response.html.erb
  Rendered /Users/aa321936/.rvm/gems/ruby-2.3.0/gems/actionpack-5.0.6/lib/action_dispatch/middleware/templates/rescues/_request_and_response.html.erb (1.0ms)
  Rendered /Users/aa321936/.rvm/gems/ruby-2.3.0/gems/actionpack-5.0.6/lib/action_dispatch/middleware/templates/rescues/routing_error.html.erb within rescues/layout (74.3ms)
Started GET "/auctions" for 127.0.0.1 at 2017-09-25 09:07:20 -0500
Processing by AuctionsController#index as HTML
  Rendering auctions/index.html.erb within layouts/application
  [1m[36mAuction Load (0.4ms)[0m  [1m[34mSELECT `auctions`.* FROM `auctions`[0m
  Rendered auctions/index.html.erb within layouts/application (2.4ms)
Completed 200 OK in 29ms (Views: 20.7ms | ActiveRecord: 0.8ms)


Started GET "/auctions/new" for 127.0.0.1 at 2017-09-25 09:07:21 -0500
Processing by AuctionsController#new as HTML
  Rendering auctions/new.html.erb within layouts/application
  Rendered auctions/_form.html.erb (2.9ms)
  Rendered auctions/new.html.erb within layouts/application (4.7ms)
Completed 200 OK in 33ms (Views: 26.7ms | ActiveRecord: 0.6ms)


Started POST "/auctions" for 127.0.0.1 at 2017-09-25 09:07:25 -0500
Processing by AuctionsController#create as HTML
  Parameters: {"utf8"=>"✓", "authenticity_token"=>"tBVpWrXvhaq+8dw+u2HAR8Zj81NuUAAAs8ITWZI5Agoftpn2bvibWzfEOgZtxLFVl3jf10G+adrR1FY5rmxM5g==", "auction"=>{"user_id"=>"1", "product_id"=>"1", "amount"=>"2"}, "commit"=>"Create Auction"}
  [1m[35m (0.2ms)[0m  [1m[35mBEGIN[0m
  [1m[36mUser Load (0.4ms)[0m  [1m[34mSELECT  `users`.* FROM `users` WHERE `users`.`id` = 1 LIMIT 1[0m
  [1m[36mProduct Load (0.3ms)[0m  [1m[34mSELECT  `products`.* FROM `products` WHERE `products`.`id` = 1 LIMIT 1[0m
  [1m[35mSQL (0.3ms)[0m  [1m[32mINSERT INTO `auctions` (`user_id`, `product_id`, `amount`, `created_at`, `updated_at`) VALUES (1, 1, 2, '2017-09-25 14:07:25', '2017-09-25 14:07:25')[0m
  [1m[35m (0.3ms)[0m  [1m[35mCOMMIT[0m
Redirected to http://0.0.0.0:3000/auctions/1
Completed 302 Found in 18ms (ActiveRecord: 1.5ms)


Started GET "/auctions/1" for 127.0.0.1 at 2017-09-25 09:07:25 -0500
Processing by AuctionsController#show as HTML
  Parameters: {"id"=>"1"}
  [1m[36mAuction Load (0.3ms)[0m  [1m[34mSELECT  `auctions`.* FROM `auctions` WHERE `auctions`.`id` = 1 LIMIT 1[0m
  Rendering auctions/show.html.erb within layouts/application
  [1m[36mUser Load (0.4ms)[0m  [1m[34mSELECT  `users`.* FROM `users` WHERE `users`.`id` = 1 LIMIT 1[0m
  [1m[36mProduct Load (0.3ms)[0m  [1m[34mSELECT  `products`.* FROM `products` WHERE `products`.`id` = 1 LIMIT 1[0m
  Rendered auctions/show.html.erb within layouts/application (4.1ms)
Completed 200 OK in 25ms (Views: 21.2ms | ActiveRecord: 1.0ms)


Started GET "/auctions/1" for 127.0.0.1 at 2017-09-25 09:08:12 -0500
Processing by AuctionsController#show as HTML
  Parameters: {"id"=>"1"}
  [1m[36mAuction Load (0.4ms)[0m  [1m[34mSELECT  `auctions`.* FROM `auctions` WHERE `auctions`.`id` = 1 LIMIT 1[0m
  Rendering auctions/show.html.erb within layouts/application
  [1m[36mUser Load (0.3ms)[0m  [1m[34mSELECT  `users`.* FROM `users` WHERE `users`.`id` = 1 LIMIT 1[0m
  [1m[36mProduct Load (0.2ms)[0m  [1m[34mSELECT  `products`.* FROM `products` WHERE `products`.`id` = 1 LIMIT 1[0m
  Rendered auctions/show.html.erb within layouts/application (3.0ms)
Completed 200 OK in 26ms (Views: 22.1ms | ActiveRecord: 0.9ms)


Started GET "/auctions" for 127.0.0.1 at 2017-09-25 09:08:15 -0500
Processing by AuctionsController#index as HTML
  Rendering auctions/index.html.erb within layouts/application
  [1m[36mAuction Load (0.3ms)[0m  [1m[34mSELECT `auctions`.* FROM `auctions`[0m
  [1m[36mUser Load (0.3ms)[0m  [1m[34mSELECT  `users`.* FROM `users` WHERE `users`.`id` = 1 LIMIT 1[0m
  [1m[36mProduct Load (0.2ms)[0m  [1m[34mSELECT  `products`.* FROM `products` WHERE `products`.`id` = 1 LIMIT 1[0m
  Rendered auctions/index.html.erb within layouts/application (4.4ms)
Completed 200 OK in 27ms (Views: 24.4ms | ActiveRecord: 0.8ms)


Started GET "/auctions" for 127.0.0.1 at 2017-09-25 09:08:27 -0500
Processing by AuctionsController#index as HTML
  Rendering auctions/index.html.erb within layouts/application
  [1m[36mAuction Load (0.3ms)[0m  [1m[34mSELECT `auctions`.* FROM `auctions`[0m
  [1m[36mUser Load (0.2ms)[0m  [1m[34mSELECT  `users`.* FROM `users` WHERE `users`.`id` = 1 LIMIT 1[0m
  [1m[36mProduct Load (0.2ms)[0m  [1m[34mSELECT  `products`.* FROM `products` WHERE `products`.`id` = 1 LIMIT 1[0m
  Rendered auctions/index.html.erb within layouts/application (3.6ms)
Completed 200 OK in 23ms (Views: 20.5ms | ActiveRecord: 0.7ms)


Started GET "/auctions" for 127.0.0.1 at 2017-09-25 09:11:48 -0500
  [1m[36mActiveRecord::SchemaMigration Load (0.3ms)[0m  [1m[34mSELECT `schema_migrations`.* FROM `schema_migrations`[0m
Processing by AuctionsController#index as HTML
  Rendering auctions/index.html.erb within layouts/application
  [1m[36mAuction Load (0.4ms)[0m  [1m[34mSELECT `auctions`.* FROM `auctions`[0m
  [1m[36mUser Load (0.3ms)[0m  [1m[34mSELECT  `users`.* FROM `users` WHERE `users`.`id` = 1 LIMIT 1[0m
  [1m[36mProduct Load (0.3ms)[0m  [1m[34mSELECT  `products`.* FROM `products` WHERE `products`.`id` = 1 LIMIT 1[0m
  Rendered auctions/index.html.erb within layouts/application (43.1ms)
Completed 200 OK in 249ms (Views: 230.8ms | ActiveRecord: 3.5ms)


Started GET "/" for 127.0.0.1 at 2017-09-25 09:12:08 -0500
Processing by Rails::WelcomeController#index as HTML
  Parameters: {"internal"=>true}
  Rendering /Users/aa321936/.rvm/gems/ruby-2.3.0/gems/railties-5.0.6/lib/rails/templates/rails/welcome/index.html.erb
  Rendered /Users/aa321936/.rvm/gems/ruby-2.3.0/gems/railties-5.0.6/lib/rails/templates/rails/welcome/index.html.erb (3.0ms)
Completed 200 OK in 8ms (Views: 5.5ms | ActiveRecord: 0.0ms)


Started GET "/" for 127.0.0.1 at 2017-09-25 09:13:33 -0500
  [1m[36mActiveRecord::SchemaMigration Load (0.3ms)[0m  [1m[34mSELECT `schema_migrations`.* FROM `schema_migrations`[0m
Processing by Rails::WelcomeController#index as HTML
  Parameters: {"internal"=>true}
  Rendering /Users/aa321936/.rvm/gems/ruby-2.3.0/gems/railties-5.0.6/lib/rails/templates/rails/welcome/index.html.erb
  Rendered /Users/aa321936/.rvm/gems/ruby-2.3.0/gems/railties-5.0.6/lib/rails/templates/rails/welcome/index.html.erb (3.9ms)
Completed 200 OK in 17ms (Views: 8.2ms | ActiveRecord: 0.0ms)


Started GET "/" for 127.0.0.1 at 2017-09-25 09:13:36 -0500
Processing by Rails::WelcomeController#index as HTML
  Parameters: {"internal"=>true}
  Rendering /Users/aa321936/.rvm/gems/ruby-2.3.0/gems/railties-5.0.6/lib/rails/templates/rails/welcome/index.html.erb
  Rendered /Users/aa321936/.rvm/gems/ruby-2.3.0/gems/railties-5.0.6/lib/rails/templates/rails/welcome/index.html.erb (3.0ms)
Completed 200 OK in 7ms (Views: 5.2ms | ActiveRecord: 0.0ms)


Started GET "/" for 127.0.0.1 at 2017-09-25 09:13:37 -0500
Processing by Rails::WelcomeController#index as HTML
  Parameters: {"internal"=>true}
  Rendering /Users/aa321936/.rvm/gems/ruby-2.3.0/gems/railties-5.0.6/lib/rails/templates/rails/welcome/index.html.erb
  Rendered /Users/aa321936/.rvm/gems/ruby-2.3.0/gems/railties-5.0.6/lib/rails/templates/rails/welcome/index.html.erb (3.0ms)
Completed 200 OK in 7ms (Views: 5.1ms | ActiveRecord: 0.0ms)


Started GET "/" for 127.0.0.1 at 2017-09-25 09:13:49 -0500
Processing by Rails::WelcomeController#index as HTML
  Parameters: {"internal"=>true}
  Rendering /Users/aa321936/.rvm/gems/ruby-2.3.0/gems/railties-5.0.6/lib/rails/templates/rails/welcome/index.html.erb
  Rendered /Users/aa321936/.rvm/gems/ruby-2.3.0/gems/railties-5.0.6/lib/rails/templates/rails/welcome/index.html.erb (3.4ms)
Completed 200 OK in 8ms (Views: 5.3ms | ActiveRecord: 0.0ms)


Started GET "/" for 127.0.0.1 at 2017-09-25 09:14:05 -0500
Processing by Rails::WelcomeController#index as HTML
  Parameters: {"internal"=>true}
  Rendering /Users/aa321936/.rvm/gems/ruby-2.3.0/gems/railties-5.0.6/lib/rails/templates/rails/welcome/index.html.erb
  Rendered /Users/aa321936/.rvm/gems/ruby-2.3.0/gems/railties-5.0.6/lib/rails/templates/rails/welcome/index.html.erb (3.3ms)
Completed 200 OK in 7ms (Views: 4.9ms | ActiveRecord: 0.0ms)


Started GET "/" for 127.0.0.1 at 2017-09-25 09:14:45 -0500
  [1m[36mActiveRecord::SchemaMigration Load (0.4ms)[0m  [1m[34mSELECT `schema_migrations`.* FROM `schema_migrations`[0m
Processing by Rails::WelcomeController#index as HTML
  Parameters: {"internal"=>true}
  Rendering /Users/aa321936/.rvm/gems/ruby-2.3.0/gems/railties-5.0.6/lib/rails/templates/rails/welcome/index.html.erb
  Rendered /Users/aa321936/.rvm/gems/ruby-2.3.0/gems/railties-5.0.6/lib/rails/templates/rails/welcome/index.html.erb (5.2ms)
Completed 200 OK in 22ms (Views: 11.5ms | ActiveRecord: 0.0ms)


Started GET "/" for 127.0.0.1 at 2017-09-25 09:14:46 -0500
Processing by Rails::WelcomeController#index as HTML
  Parameters: {"internal"=>true}
  Rendering /Users/aa321936/.rvm/gems/ruby-2.3.0/gems/railties-5.0.6/lib/rails/templates/rails/welcome/index.html.erb
  Rendered /Users/aa321936/.rvm/gems/ruby-2.3.0/gems/railties-5.0.6/lib/rails/templates/rails/welcome/index.html.erb (3.5ms)
Completed 200 OK in 8ms (Views: 5.5ms | ActiveRecord: 0.0ms)


Started GET "/" for 127.0.0.1 at 2017-09-25 09:14:46 -0500
Processing by Rails::WelcomeController#index as HTML
  Parameters: {"internal"=>true}
  Rendering /Users/aa321936/.rvm/gems/ruby-2.3.0/gems/railties-5.0.6/lib/rails/templates/rails/welcome/index.html.erb
  Rendered /Users/aa321936/.rvm/gems/ruby-2.3.0/gems/railties-5.0.6/lib/rails/templates/rails/welcome/index.html.erb (3.5ms)
Completed 200 OK in 8ms (Views: 5.6ms | ActiveRecord: 0.0ms)


Started GET "/" for 127.0.0.1 at 2017-09-25 09:14:47 -0500
Processing by Rails::WelcomeController#index as HTML
  Parameters: {"internal"=>true}
  Rendering /Users/aa321936/.rvm/gems/ruby-2.3.0/gems/railties-5.0.6/lib/rails/templates/rails/welcome/index.html.erb
  Rendered /Users/aa321936/.rvm/gems/ruby-2.3.0/gems/railties-5.0.6/lib/rails/templates/rails/welcome/index.html.erb (3.7ms)
Completed 200 OK in 8ms (Views: 5.7ms | ActiveRecord: 0.0ms)


Started GET "/" for 127.0.0.1 at 2017-09-25 09:14:47 -0500
Processing by Rails::WelcomeController#index as HTML
  Parameters: {"internal"=>true}
  Rendering /Users/aa321936/.rvm/gems/ruby-2.3.0/gems/railties-5.0.6/lib/rails/templates/rails/welcome/index.html.erb
  Rendered /Users/aa321936/.rvm/gems/ruby-2.3.0/gems/railties-5.0.6/lib/rails/templates/rails/welcome/index.html.erb (3.1ms)
Completed 200 OK in 7ms (Views: 5.1ms | ActiveRecord: 0.0ms)


Started GET "/" for 127.0.0.1 at 2017-09-25 09:14:48 -0500
Processing by Rails::WelcomeController#index as HTML
  Parameters: {"internal"=>true}
  Rendering /Users/aa321936/.rvm/gems/ruby-2.3.0/gems/railties-5.0.6/lib/rails/templates/rails/welcome/index.html.erb
  Rendered /Users/aa321936/.rvm/gems/ruby-2.3.0/gems/railties-5.0.6/lib/rails/templates/rails/welcome/index.html.erb (3.7ms)
Completed 200 OK in 7ms (Views: 5.4ms | ActiveRecord: 0.0ms)


Started GET "/" for 127.0.0.1 at 2017-09-25 09:14:48 -0500
Processing by Rails::WelcomeController#index as HTML
  Parameters: {"internal"=>true}
  Rendering /Users/aa321936/.rvm/gems/ruby-2.3.0/gems/railties-5.0.6/lib/rails/templates/rails/welcome/index.html.erb
  Rendered /Users/aa321936/.rvm/gems/ruby-2.3.0/gems/railties-5.0.6/lib/rails/templates/rails/welcome/index.html.erb (3.2ms)
Completed 200 OK in 7ms (Views: 5.3ms | ActiveRecord: 0.0ms)


Started GET "/" for 127.0.0.1 at 2017-09-25 09:15:25 -0500
  [1m[36mActiveRecord::SchemaMigration Load (0.4ms)[0m  [1m[34mSELECT `schema_migrations`.* FROM `schema_migrations`[0m
Processing by WelcomeController#index as HTML
  Rendering welcome/index.html.erb within layouts/application
  Rendered welcome/index.html.erb within layouts/application (1.5ms)
Completed 200 OK in 333ms (Views: 323.4ms | ActiveRecord: 0.0ms)


Started GET "/" for 127.0.0.1 at 2017-09-25 09:25:59 -0500
  [1m[36mActiveRecord::SchemaMigration Load (0.3ms)[0m  [1m[34mSELECT `schema_migrations`.* FROM `schema_migrations`[0m
Processing by WelcomeController#index as HTML
  Rendering welcome/index.html.erb within layouts/application
  Rendered welcome/index.html.erb within layouts/application (1.1ms)
Completed 200 OK in 202ms (Views: 192.1ms | ActiveRecord: 0.0ms)


Started GET "/" for 127.0.0.1 at 2017-09-25 09:27:22 -0500
Processing by WelcomeController#index as HTML
  Rendering welcome/index.html.erb within layouts/application
  Rendered welcome/index.html.erb within layouts/application (0.3ms)
Completed 200 OK in 24ms (Views: 22.7ms | ActiveRecord: 0.0ms)


Started GET "/" for 127.0.0.1 at 2017-09-25 09:29:14 -0500
Processing by WelcomeController#index as HTML
  Rendering welcome/index.html.erb within layouts/application
  Rendered welcome/index.html.erb within layouts/application (0.3ms)
Completed 200 OK in 27ms (Views: 25.7ms | ActiveRecord: 0.0ms)


Started GET "/" for 127.0.0.1 at 2017-09-25 09:30:08 -0500
Processing by WelcomeController#index as HTML
  Rendering welcome/index.html.erb within layouts/application
  Rendered welcome/index.html.erb within layouts/application (0.3ms)
Completed 200 OK in 50ms (Views: 48.4ms | ActiveRecord: 0.0ms)


Started GET "/" for 127.0.0.1 at 2017-09-25 09:30:17 -0500
Processing by WelcomeController#index as HTML
  Rendering welcome/index.html.erb within layouts/application
  Rendered welcome/index.html.erb within layouts/application (0.8ms)
Completed 200 OK in 3467ms (Views: 3464.9ms | ActiveRecord: 0.0ms)


Started GET "/" for 127.0.0.1 at 2017-09-25 09:30:22 -0500
Processing by WelcomeController#index as HTML
  Rendering welcome/index.html.erb within layouts/application
  Rendered welcome/index.html.erb within layouts/application (0.3ms)
Completed 200 OK in 44ms (Views: 42.2ms | ActiveRecord: 0.0ms)


Started GET "/" for 127.0.0.1 at 2017-09-25 09:30:23 -0500
Processing by WelcomeController#index as HTML
  Rendering welcome/index.html.erb within layouts/application
  Rendered welcome/index.html.erb within layouts/application (0.3ms)
Completed 200 OK in 45ms (Views: 43.4ms | ActiveRecord: 0.0ms)


Started GET "/" for 127.0.0.1 at 2017-09-25 09:30:23 -0500
Processing by WelcomeController#index as HTML
  Rendering welcome/index.html.erb within layouts/application
  Rendered welcome/index.html.erb within layouts/application (0.6ms)
Completed 200 OK in 45ms (Views: 42.4ms | ActiveRecord: 0.0ms)


Started GET "/" for 127.0.0.1 at 2017-09-25 09:30:23 -0500
Processing by WelcomeController#index as HTML
  Rendering welcome/index.html.erb within layouts/application
  Rendered welcome/index.html.erb within layouts/application (0.4ms)
Completed 200 OK in 43ms (Views: 40.7ms | ActiveRecord: 0.0ms)


Started GET "/" for 127.0.0.1 at 2017-09-25 09:30:49 -0500
Processing by WelcomeController#index as HTML
  Rendering welcome/index.html.erb within layouts/application
  Rendered welcome/index.html.erb within layouts/application (0.4ms)
Completed 200 OK in 104ms (Views: 102.6ms | ActiveRecord: 0.0ms)


Started GET "/" for 127.0.0.1 at 2017-09-25 09:32:37 -0500
Processing by WelcomeController#index as HTML
  Rendering welcome/index.html.erb within layouts/application
  Rendered welcome/index.html.erb within layouts/application (0.3ms)
Completed 200 OK in 42ms (Views: 40.8ms | ActiveRecord: 0.0ms)


Started GET "/" for 127.0.0.1 at 2017-09-25 09:32:48 -0500
Processing by WelcomeController#index as HTML
  Rendering welcome/index.html.erb within layouts/application
  Rendered welcome/index.html.erb within layouts/application (0.3ms)
Completed 200 OK in 46ms (Views: 44.6ms | ActiveRecord: 0.0ms)


Started GET "/" for 127.0.0.1 at 2017-09-25 09:35:39 -0500
Processing by WelcomeController#index as HTML
  Rendering welcome/index.html.erb within layouts/application
  Rendered welcome/index.html.erb within layouts/application (0.3ms)
Completed 200 OK in 51ms (Views: 49.4ms | ActiveRecord: 0.0ms)


Started GET "/" for 127.0.0.1 at 2017-09-25 09:35:54 -0500
Processing by WelcomeController#index as HTML
  Rendering welcome/index.html.erb within layouts/application
  Rendered welcome/index.html.erb within layouts/application (0.3ms)
Completed 200 OK in 45ms (Views: 43.7ms | ActiveRecord: 0.0ms)


Started GET "/" for 127.0.0.1 at 2017-09-25 09:38:10 -0500
Processing by WelcomeController#index as HTML
  Rendering welcome/index.html.erb within layouts/application
  Rendered welcome/index.html.erb within layouts/application (0.4ms)
Completed 200 OK in 47ms (Views: 45.1ms | ActiveRecord: 0.0ms)


Started GET "/" for 127.0.0.1 at 2017-09-25 09:38:17 -0500
Processing by WelcomeController#index as HTML
  Rendering welcome/index.html.erb within layouts/application
  Rendered welcome/index.html.erb within layouts/application (0.4ms)
Completed 200 OK in 39ms (Views: 37.7ms | ActiveRecord: 0.0ms)


Started GET "/" for 127.0.0.1 at 2017-09-25 09:38:37 -0500
Processing by WelcomeController#index as HTML
  Rendering welcome/index.html.erb within layouts/application
  Rendered welcome/index.html.erb within layouts/application (0.4ms)
Completed 200 OK in 36ms (Views: 34.8ms | ActiveRecord: 0.0ms)


Started GET "/" for 127.0.0.1 at 2017-09-25 09:38:53 -0500
Processing by WelcomeController#index as HTML
  Rendering welcome/index.html.erb within layouts/application
  Rendered welcome/index.html.erb within layouts/application (0.3ms)
Completed 200 OK in 36ms (Views: 34.5ms | ActiveRecord: 0.0ms)


Started GET "/" for 127.0.0.1 at 2017-09-25 09:46:38 -0500
  [1m[36mActiveRecord::SchemaMigration Load (0.4ms)[0m  [1m[34mSELECT `schema_migrations`.* FROM `schema_migrations`[0m
Processing by WelcomeController#index as HTML
  Rendering welcome/index.html.erb within layouts/application
  Rendered welcome/index.html.erb within layouts/application (1.0ms)
Completed 200 OK in 325ms (Views: 316.2ms | ActiveRecord: 0.0ms)


